<?xml version="1.0" encoding="UTF-8"?>
<coverage generated="1769613692165" clover="3.2.0">
  <project timestamp="1769613692165" name="All files">
    <metrics statements="33" coveredstatements="33" conditionals="12" coveredconditionals="8" methods="9" coveredmethods="9" elements="54" coveredelements="50" complexity="0" loc="33" ncloc="33" packages="1" files="1" classes="1"/>
    <file name="database.ts" path="/workspace/developer_workspace/ai-skills/skill-optimizer/src/database.ts">
      <metrics statements="33" coveredstatements="33" conditionals="12" coveredconditionals="8" methods="9" coveredmethods="9"/>
      <line num="1" count="1" type="stmt"/>
      <line num="4" count="1" type="stmt"/>
      <line num="8" count="8" type="stmt"/>
      <line num="10" count="8" type="stmt"/>
      <line num="15" count="8" type="stmt"/>
      <line num="27" count="8" type="stmt"/>
      <line num="42" count="8" type="stmt"/>
      <line num="54" count="8" type="stmt"/>
      <line num="58" count="8" type="stmt"/>
      <line num="64" count="13" type="stmt"/>
      <line num="69" count="13" type="stmt"/>
      <line num="76" count="13" type="stmt"/>
      <line num="80" count="12" type="stmt"/>
      <line num="85" count="12" type="stmt"/>
      <line num="95" count="12" type="stmt"/>
      <line num="96" count="12" type="stmt"/>
      <line num="98" count="12" type="cond" truecount="1" falsecount="0"/>
      <line num="99" count="12" type="stmt"/>
      <line num="105" count="12" type="stmt"/>
      <line num="116" count="12" type="stmt"/>
      <line num="123" count="12" type="cond" truecount="3" falsecount="0"/>
      <line num="124" count="12" type="stmt"/>
      <line num="135" count="12" type="stmt"/>
      <line num="146" count="3" type="stmt"/>
      <line num="152" count="3" type="stmt"/>
      <line num="153" count="3" type="cond" truecount="2" falsecount="0"/>
      <line num="157" count="3" type="stmt"/>
      <line num="172" count="3" type="stmt"/>
      <line num="173" count="3" type="stmt"/>
      <line num="177" count="2" type="stmt"/>
      <line num="183" count="2" type="stmt"/>
      <line num="184" count="2" type="stmt"/>
      <line num="188" count="8" type="stmt"/>
    </file>
  </project>
</coverage>
