{"/workspace/developer_workspace/ai-skills/skill-optimizer/src/database.ts": {"path":"/workspace/developer_workspace/ai-skills/skill-optimizer/src/database.ts","statementMap":{"0":{"start":{"line":1,"column":0},"end":{"line":1,"column":38}},"1":{"start":{"line":8,"column":4},"end":{"line":8,"column":35}},"2":{"start":{"line":10,"column":4},"end":{"line":10,"column":41}},"3":{"start":{"line":15,"column":4},"end":{"line":24,"column":7}},"4":{"start":{"line":27,"column":4},"end":{"line":39,"column":7}},"5":{"start":{"line":42,"column":4},"end":{"line":51,"column":7}},"6":{"start":{"line":54,"column":4},"end":{"line":56,"column":7}},"7":{"start":{"line":58,"column":4},"end":{"line":60,"column":7}},"8":{"start":{"line":64,"column":17},"end":{"line":67,"column":6}},"9":{"start":{"line":69,"column":19},"end":{"line":73,"column":null}},"10":{"start":{"line":76,"column":4},"end":{"line":76,"column":44}},"11":{"start":{"line":80,"column":17},"end":{"line":83,"column":6}},"12":{"start":{"line":85,"column":4},"end":{"line":92,"column":6}},"13":{"start":{"line":95,"column":21},"end":{"line":95,"column":87}},"14":{"start":{"line":96,"column":17},"end":{"line":96,"column":83}},"15":{"start":{"line":98,"column":4},"end":{"line":100,"column":5}},"16":{"start":{"line":99,"column":6},"end":{"line":99,"column":42}},"17":{"start":{"line":105,"column":24},"end":{"line":114,"column":6}},"18":{"start":{"line":116,"column":20},"end":{"line":116,"column":null}},"19":{"start":{"line":123,"column":4},"end":{"line":142,"column":5}},"20":{"start":{"line":124,"column":25},"end":{"line":133,"column":8}},"21":{"start":{"line":135,"column":6},"end":{"line":141,"column":8}},"22":{"start":{"line":146,"column":17},"end":{"line":150,"column":6}},"23":{"start":{"line":152,"column":16},"end":{"line":152,"column":63}},"24":{"start":{"line":153,"column":4},"end":{"line":153,"column":23}},"25":{"start":{"line":157,"column":17},"end":{"line":170,"column":6}},"26":{"start":{"line":172,"column":17},"end":{"line":172,"column":77}},"27":{"start":{"line":173,"column":4},"end":{"line":173,"column":16}},"28":{"start":{"line":177,"column":17},"end":{"line":181,"column":6}},"29":{"start":{"line":183,"column":17},"end":{"line":183,"column":45}},"30":{"start":{"line":184,"column":4},"end":{"line":184,"column":16}},"31":{"start":{"line":188,"column":4},"end":{"line":188,"column":20}},"32":{"start":{"line":4,"column":0},"end":{"line":4,"column":21}}},"fnMap":{"0":{"name":"(anonymous_1)","decl":{"start":{"line":7,"column":2},"end":{"line":7,"column":14}},"loc":{"start":{"line":7,"column":53},"end":{"line":11,"column":3}}},"1":{"name":"(anonymous_2)","decl":{"start":{"line":13,"column":2},"end":{"line":13,"column":12}},"loc":{"start":{"line":13,"column":12},"end":{"line":61,"column":3}}},"2":{"name":"(anonymous_3)","decl":{"start":{"line":63,"column":2},"end":{"line":63,"column":17}},"loc":{"start":{"line":63,"column":59},"end":{"line":77,"column":3}}},"3":{"name":"(anonymous_4)","decl":{"start":{"line":79,"column":2},"end":{"line":79,"column":19}},"loc":{"start":{"line":79,"column":65},"end":{"line":101,"column":3}}},"4":{"name":"(anonymous_5)","decl":{"start":{"line":103,"column":10},"end":{"line":103,"column":23}},"loc":{"start":{"line":103,"column":41},"end":{"line":143,"column":3}}},"5":{"name":"(anonymous_6)","decl":{"start":{"line":145,"column":2},"end":{"line":145,"column":17}},"loc":{"start":{"line":145,"column":35},"end":{"line":154,"column":3}}},"6":{"name":"(anonymous_7)","decl":{"start":{"line":156,"column":2},"end":{"line":156,"column":16}},"loc":{"start":{"line":156,"column":54},"end":{"line":174,"column":3}}},"7":{"name":"(anonymous_8)","decl":{"start":{"line":176,"column":2},"end":{"line":176,"column":15}},"loc":{"start":{"line":176,"column":15},"end":{"line":185,"column":3}}},"8":{"name":"(anonymous_9)","decl":{"start":{"line":187,"column":2},"end":{"line":187,"column":7}},"loc":{"start":{"line":187,"column":7},"end":{"line":189,"column":3}}}},"branchMap":{"0":{"loc":{"start":{"line":7,"column":14},"end":{"line":7,"column":53}},"type":"default-arg","locations":[{"start":{"line":7,"column":31},"end":{"line":7,"column":53}}]},"1":{"loc":{"start":{"line":88,"column":6},"end":{"line":88,"column":32}},"type":"binary-expr","locations":[{"start":{"line":88,"column":6},"end":{"line":88,"column":24}},{"start":{"line":88,"column":28},"end":{"line":88,"column":32}}]},"2":{"loc":{"start":{"line":98,"column":4},"end":{"line":100,"column":5}},"type":"if","locations":[{"start":{"line":98,"column":4},"end":{"line":100,"column":5}}]},"3":{"loc":{"start":{"line":123,"column":4},"end":{"line":142,"column":5}},"type":"if","locations":[{"start":{"line":123,"column":4},"end":{"line":142,"column":5}}]},"4":{"loc":{"start":{"line":123,"column":8},"end":{"line":123,"column":42}},"type":"binary-expr","locations":[{"start":{"line":123,"column":8},"end":{"line":123,"column":15}},{"start":{"line":123,"column":19},"end":{"line":123,"column":42}}]},"5":{"loc":{"start":{"line":139,"column":8},"end":{"line":139,"column":31}},"type":"binary-expr","locations":[{"start":{"line":139,"column":8},"end":{"line":139,"column":26}},{"start":{"line":139,"column":30},"end":{"line":139,"column":31}}]},"6":{"loc":{"start":{"line":153,"column":11},"end":{"line":153,"column":22}},"type":"binary-expr","locations":[{"start":{"line":153,"column":11},"end":{"line":153,"column":14}},{"start":{"line":153,"column":18},"end":{"line":153,"column":22}}]},"7":{"loc":{"start":{"line":156,"column":36},"end":{"line":156,"column":54}},"type":"default-arg","locations":[{"start":{"line":156,"column":52},"end":{"line":156,"column":54}}]}},"s":{"0":1,"1":8,"2":8,"3":8,"4":8,"5":8,"6":8,"7":8,"8":13,"9":13,"10":13,"11":12,"12":12,"13":12,"14":12,"15":12,"16":12,"17":12,"18":12,"19":12,"20":12,"21":12,"22":3,"23":3,"24":3,"25":3,"26":3,"27":3,"28":2,"29":2,"30":2,"31":8,"32":1},"f":{"0":8,"1":8,"2":13,"3":12,"4":12,"5":3,"6":3,"7":2,"8":8},"b":{"0":[0],"1":[12,0],"2":[12],"3":[12],"4":[12,12],"5":[12,0],"6":[3,1],"7":[0]}}
}
