TN:
SF:src/database.ts
FN:7,(anonymous_1)
FN:13,(anonymous_2)
FN:63,(anonymous_3)
FN:79,(anonymous_4)
FN:103,(anonymous_5)
FN:145,(anonymous_6)
FN:156,(anonymous_7)
FN:176,(anonymous_8)
FN:187,(anonymous_9)
FNF:9
FNH:9
FNDA:8,(anonymous_1)
FNDA:8,(anonymous_2)
FNDA:13,(anonymous_3)
FNDA:12,(anonymous_4)
FNDA:12,(anonymous_5)
FNDA:3,(anonymous_6)
FNDA:3,(anonymous_7)
FNDA:2,(anonymous_8)
FNDA:8,(anonymous_9)
DA:1,1
DA:4,1
DA:8,8
DA:10,8
DA:15,8
DA:27,8
DA:42,8
DA:54,8
DA:58,8
DA:64,13
DA:69,13
DA:76,13
DA:80,12
DA:85,12
DA:95,12
DA:96,12
DA:98,12
DA:99,12
DA:105,12
DA:116,12
DA:123,12
DA:124,12
DA:135,12
DA:146,3
DA:152,3
DA:153,3
DA:157,3
DA:172,3
DA:173,3
DA:177,2
DA:183,2
DA:184,2
DA:188,8
LF:33
LH:33
BRDA:7,0,0,0
BRDA:88,1,0,12
BRDA:88,1,1,0
BRDA:98,2,0,12
BRDA:123,3,0,12
BRDA:123,4,0,12
BRDA:123,4,1,12
BRDA:139,5,0,12
BRDA:139,5,1,0
BRDA:153,6,0,3
BRDA:153,6,1,1
BRDA:156,7,0,0
BRF:12
BRH:8
end_of_record
